objc[57327]: Class RemoteXPCPair is implemented in both /Library/Developer/PrivateFrameworks/Mercury.framework/Versions/A/Mercury (0x104f8d660) and /Library/Apple/System/Library/PrivateFrameworks/Mercury.framework/Versions/A/Mercury (0x11a4c8000). One of the two will be used. Which one is undefined.
objc[57327]: Class RemoteXPCShim is implemented in both /Library/Developer/PrivateFrameworks/Mercury.framework/Versions/A/Mercury (0x104f8d6d8) and /Library/Apple/System/Library/PrivateFrameworks/Mercury.framework/Versions/A/Mercury (0x11a4c8078). One of the two will be used. Which one is undefined.
objc[57327]: Class _TtC7Mercury11XPCEndpoint is implemented in both /Library/Developer/PrivateFrameworks/Mercury.framework/Versions/A/Mercury (0x104f8dda8) and /Library/Apple/System/Library/PrivateFrameworks/Mercury.framework/Versions/A/Mercury (0x11a4c8200). One of the two will be used. Which one is undefined.
objc[57327]: Class _TtC7Mercury15XPCPeerEndpoint is implemented in both /Library/Developer/PrivateFrameworks/Mercury.framework/Versions/A/Mercury (0x104f8de48) and /Library/Apple/System/Library/PrivateFrameworks/Mercury.framework/Versions/A/Mercury (0x11a4c82a0). One of the two will be used. Which one is undefined.
objc[57327]: Class _TtC7Mercury19XPCListenerEndpoint is implemented in both /Library/Developer/PrivateFrameworks/Mercury.framework/Versions/A/Mercury (0x104f8dee8) and /Library/Apple/System/Library/PrivateFrameworks/Mercury.framework/Versions/A/Mercury (0x11a4c8340). One of the two will be used. Which one is undefined.
objc[57327]: Class _TtC7Mercury16XPCObjectEncoder is implemented in both /Library/Developer/PrivateFrameworks/Mercury.framework/Versions/A/Mercury (0x104f8dff8) and /Library/Apple/System/Library/PrivateFrameworks/Mercury.framework/Versions/A/Mercury (0x11a4c83e0). One of the two will be used. Which one is undefined.
objc[57327]: Class _TtC7Mercury17_XPCObjectEncoder is implemented in both /Library/Developer/PrivateFrameworks/Mercury.framework/Versions/A/Mercury (0x104f8e0a0) and /Library/Apple/System/Library/PrivateFrameworks/Mercury.framework/Versions/A/Mercury (0x11a4c8488). One of the two will be used. Which one is undefined.
objc[57327]: Class _TtC7Mercury16XPCObjectDecoder is implemented in both /Library/Developer/PrivateFrameworks/Mercury.framework/Versions/A/Mercury (0x104f8e150) and /Library/Apple/System/Library/PrivateFrameworks/Mercury.framework/Versions/A/Mercury (0x11a4c8538). One of the two will be used. Which one is undefined.
objc[57327]: Class _TtC7Mercury17_XPCObjectDecoder is implemented in both /Library/Developer/PrivateFrameworks/Mercury.framework/Versions/A/Mercury (0x104f8e1f8) and /Library/Apple/System/Library/PrivateFrameworks/Mercury.framework/Versions/A/Mercury (0x11a4c85e0). One of the two will be used. Which one is undefined.
objc[57327]: Class _TtC7Mercury14XPCSideChannel is implemented in both /Library/Developer/PrivateFrameworks/Mercury.framework/Versions/A/Mercury (0x104f8e538) and /Library/Apple/System/Library/PrivateFrameworks/Mercury.framework/Versions/A/Mercury (0x11a4c8690). One of the two will be used. Which one is undefined.
objc[57327]: Class _TtC7Mercury19RemoteDeviceBrowser is implemented in both /Library/Developer/PrivateFrameworks/Mercury.framework/Versions/A/Mercury (0x104f8e680) and /Library/Apple/System/Library/PrivateFrameworks/Mercury.framework/Versions/A/Mercury (0x11a4c8740). One of the two will be used. Which one is undefined.
objc[57327]: Class _TtC7Mercury17XPCFileDescriptor is implemented in both /Library/Developer/PrivateFrameworks/Mercury.framework/Versions/A/Mercury (0x104f8e800) and /Library/Apple/System/Library/PrivateFrameworks/Mercury.framework/Versions/A/Mercury (0x11a4c8878). One of the two will be used. Which one is undefined.
objc[57327]: Class _TtC7Mercury12RemoteDevice is implemented in both /Library/Developer/PrivateFrameworks/Mercury.framework/Versions/A/Mercury (0x104f8ea50) and /Library/Apple/System/Library/PrivateFrameworks/Mercury.framework/Versions/A/Mercury (0x11a4c89a0). One of the two will be used. Which one is undefined.
objc[57327]: Class _TtC7Mercury13XPCConnection is implemented in both /Library/Developer/PrivateFrameworks/Mercury.framework/Versions/A/Mercury (0x104f8ec70) and /Library/Apple/System/Library/PrivateFrameworks/Mercury.framework/Versions/A/Mercury (0x11a4c8af8). One of the two will be used. Which one is undefined.
objc[57327]: Class _TtC7Mercury19RemoteXPCConnection is implemented in both /Library/Developer/PrivateFrameworks/Mercury.framework/Versions/A/Mercury (0x104f8ee38) and /Library/Apple/System/Library/PrivateFrameworks/Mercury.framework/Versions/A/Mercury (0x11a4c8c28). One of the two will be used. Which one is undefined.
objc[57327]: Class _TtC7Mercury27RemoteXPCListenerConnection is implemented in both /Library/Developer/PrivateFrameworks/Mercury.framework/Versions/A/Mercury (0x104f8ef90) and /Library/Apple/System/Library/PrivateFrameworks/Mercury.framework/Versions/A/Mercury (0x11a4c8d78). One of the two will be used. Which one is undefined.
objc[57327]: Class _TtC7Mercury23RemoteXPCPeerConnection is implemented in both /Library/Developer/PrivateFrameworks/Mercury.framework/Versions/A/Mercury (0x104f8f138) and /Library/Apple/System/Library/PrivateFrameworks/Mercury.framework/Versions/A/Mercury (0x11a4c8f18). One of the two will be used. Which one is undefined.
objc[57327]: Class _TtC7Mercury19SystemXPCConnection is implemented in both /Library/Developer/PrivateFrameworks/Mercury.framework/Versions/A/Mercury (0x104f8f9e8) and /Library/Apple/System/Library/PrivateFrameworks/Mercury.framework/Versions/A/Mercury (0x11a4c91e0). One of the two will be used. Which one is undefined.
objc[57327]: Class _TtC7Mercury27SystemXPCListenerConnection is implemented in both /Library/Developer/PrivateFrameworks/Mercury.framework/Versions/A/Mercury (0x104f8fb30) and /Library/Apple/System/Library/PrivateFrameworks/Mercury.framework/Versions/A/Mercury (0x11a4c9328). One of the two will be used. Which one is undefined.
objc[57327]: Class _TtC7Mercury23SystemXPCPeerConnection is implemented in both /Library/Developer/PrivateFrameworks/Mercury.framework/Versions/A/Mercury (0x104f8fca0) and /Library/Apple/System/Library/PrivateFrameworks/Mercury.framework/Versions/A/Mercury (0x11a4c9498). One of the two will be used. Which one is undefined.
objc[57327]: Class _TtC7Mercury15XPCFileTransfer is implemented in both /Library/Developer/PrivateFrameworks/Mercury.framework/Versions/A/Mercury (0x104f8fef8) and /Library/Apple/System/Library/PrivateFrameworks/Mercury.framework/Versions/A/Mercury (0x11a4c9610). One of the two will be used. Which one is undefined.
objc[57327]: Class _TtC7MercuryP33_2B1830E49151A2D290BADAC81D16B73411_HandlerBox is implemented in both /Library/Developer/PrivateFrameworks/Mercury.framework/Versions/A/Mercury (0x104f8da40) and /Library/Apple/System/Library/PrivateFrameworks/Mercury.framework/Versions/A/Mercury (0x11a4c8148). One of the two will be used. Which one is undefined.
** BUILD FAILED **


The following build commands failed:
	Ld /Users/apptunix/Library/Developer/Xcode/DerivedData/pocketpt-egzokarwtmumrpdomgdyjbkapgbq/Build/Products/Debug-iphonesimulator/pocketpt.app/pocketpt normal (in target 'pocketpt' from project 'pocketpt')
(1 failure)
